GameEntity.obj : error LNK2019: unresolved external symbol __imp_glBindTexture referenced in function "public: void __cdecl GameEntity::render(class Shader &)" (?render@GameEntity@@QEAAXAEAVShader@@@Z)
main.obj : error LNK2001: unresolved external symbol __imp_glBindTexture
GameEntity.obj : error LNK2019: unresolved external symbol __imp_glDrawElements referenced in function "public: void __cdecl GameEntity::render(class Shader &)" (?render@GameEntity@@QEAAXAEAVShader@@@Z)
main.obj : error LNK2019: unresolved external symbol __imp_glBlendFunc referenced in function main
main.obj : error LNK2019: unresolved external symbol __imp_glDepthFunc referenced in function main
main.obj : error LNK2019: unresolved external symbol __imp_glEnable referenced in function main
main.obj : error LNK2019: unresolved external symbol __imp_glGenTextures referenced in function "void __cdecl setallTexture(void)" (?setallTexture@@YAXXZ)
main.obj : error LNK2019: unresolved external symbol __imp_glTexImage2D referenced in function "void __cdecl setthisTexture(unsigned int,char *)" (?setthisTexture@@YAXIPEAD@Z)
main.obj : error LNK2019: unresolved external symbol __imp_glTexParameteri referenced in function "void __cdecl setthisTexture(unsigned int,char *)" (?setthisTexture@@YAXIPEAD@Z)
main.obj : error LNK2019: unresolved external symbol glfwWindowShouldClose referenced in function main
main.obj : error LNK2019: unresolved external symbol glfwPollEvents referenced in function main
main.obj : error LNK2019: unresolved external symbol glfwGetKey referenced in function main
main.obj : error LNK2019: unresolved external symbol glfwGetTime referenced in function main
main.obj : error LNK2019: unresolved external symbol glfwSwapBuffers referenced in function main
main.obj : error LNK2019: unresolved external symbol SOIL_load_image referenced in function "void __cdecl setthisTexture(unsigned int,char *)" (?setthisTexture@@YAXIPEAD@Z)
main.obj : error LNK2019: unresolved external symbol SOIL_free_image_data referenced in function "void __cdecl setthisTexture(unsigned int,char *)" (?setthisTexture@@YAXIPEAD@Z)
main.obj : error LNK2001: unresolved external symbol __glewBindBuffer
main.obj : error LNK2001: unresolved external symbol __glewBufferData
main.obj : error LNK2001: unresolved external symbol __glewGenBuffers
Shader.obj : error LNK2001: unresolved external symbol __imp___glewAttachShader
Shader.obj : error LNK2001: unresolved external symbol __imp___glewCompileShader
Shader.obj : error LNK2001: unresolved external symbol __imp___glewCreateProgram
Shader.obj : error LNK2001: unresolved external symbol __imp___glewCreateShader
Shader.obj : error LNK2001: unresolved external symbol __imp___glewDeleteProgram
Shader.obj : error LNK2001: unresolved external symbol __imp___glewDeleteShader
Shader.obj : error LNK2001: unresolved external symbol __imp___glewEnableVertexAttribArray
Shader.obj : error LNK2001: unresolved external symbol __imp___glewGetAttribLocation
Shader.obj : error LNK2001: unresolved external symbol __imp___glewGetProgramiv
Shader.obj : error LNK2001: unresolved external symbol __imp___glewGetShaderInfoLog
Shader.obj : error LNK2001: unresolved external symbol __imp___glewGetShaderiv
Shader.obj : error LNK2001: unresolved external symbol __imp___glewGetUniformLocation
Shader.obj : error LNK2001: unresolved external symbol __imp___glewLinkProgram
Shader.obj : error LNK2001: unresolved external symbol __imp___glewShaderSource
Shader.obj : error LNK2001: unresolved external symbol __imp___glewUniform1f
Shader.obj : error LNK2001: unresolved external symbol __imp___glewUniform1i
Shader.obj : error LNK2001: unresolved external symbol __imp___glewUniform2f
Shader.obj : error LNK2001: unresolved external symbol __imp___glewUniform3f
Shader.obj : error LNK2001: unresolved external symbol __imp___glewUniform4f
Shader.obj : error LNK2001: unresolved external symbol __imp___glewUniformMatrix4fv
Shader.obj : error LNK2001: unresolved external symbol __imp___glewUseProgram
Shader.obj : error LNK2001: unresolved external symbol __imp___glewVertexAttribPointer
Window.obj : error LNK2019: unresolved external symbol __imp_glClear referenced in function "public: void __cdecl Window::clear(struct glm::detail::tvec3<float,0> const &)" (?clear@Window@@QEAAXAEBU?$tvec3@M$0A@@detail@glm@@@Z)
Window.obj : error LNK2019: unresolved external symbol __imp_glClearColor referenced in function "public: void __cdecl Window::clear(struct glm::detail::tvec3<float,0> const &)" (?clear@Window@@QEAAXAEBU?$tvec3@M$0A@@detail@glm@@@Z)
Window.obj : error LNK2019: unresolved external symbol __imp_glViewport referenced in function "void __cdecl ResizeCallback(struct GLFWwindow *,int,int)" (?ResizeCallback@@YAXPEAUGLFWwindow@@HH@Z)
Window.obj : error LNK2019: unresolved external symbol __imp_glewInit referenced in function "public: __cdecl Window::Window(unsigned int,unsigned int,class std::basic_string<char,struct std::char_traits<char>,class std::allocator<char> > const &)" (??0Window@@QEAA@IIAEBV?$basic_string@DU?$char_traits@D@std@@V?$allocator@D@2@@std@@@Z)
Window.obj : error LNK2019: unresolved external symbol __imp_glewGetErrorString referenced in function "public: __cdecl Window::Window(unsigned int,unsigned int,class std::basic_string<char,struct std::char_traits<char>,class std::allocator<char> > const &)" (??0Window@@QEAA@IIAEBV?$basic_string@DU?$char_traits@D@std@@V?$allocator@D@2@@std@@@Z)
Window.obj : error LNK2019: unresolved external symbol glfwInit referenced in function "public: __cdecl Window::Window(unsigned int,unsigned int,class std::basic_string<char,struct std::char_traits<char>,class std::allocator<char> > const &)" (??0Window@@QEAA@IIAEBV?$basic_string@DU?$char_traits@D@std@@V?$allocator@D@2@@std@@@Z)
Window.obj : error LNK2019: unresolved external symbol glfwTerminate referenced in function "public: __cdecl Window::Window(unsigned int,unsigned int,class std::basic_string<char,struct std::char_traits<char>,class std::allocator<char> > const &)" (??0Window@@QEAA@IIAEBV?$basic_string@DU?$char_traits@D@std@@V?$allocator@D@2@@std@@@Z)
Window.obj : error LNK2019: unresolved external symbol glfwWindowHint referenced in function "public: __cdecl Window::Window(unsigned int,unsigned int,class std::basic_string<char,struct std::char_traits<char>,class std::allocator<char> > const &)" (??0Window@@QEAA@IIAEBV?$basic_string@DU?$char_traits@D@std@@V?$allocator@D@2@@std@@@Z)
Window.obj : error LNK2019: unresolved external symbol glfwCreateWindow referenced in function "public: __cdecl Window::Window(unsigned int,unsigned int,class std::basic_string<char,struct std::char_traits<char>,class std::allocator<char> > const &)" (??0Window@@QEAA@IIAEBV?$basic_string@DU?$char_traits@D@std@@V?$allocator@D@2@@std@@@Z)
Window.obj : error LNK2019: unresolved external symbol glfwDestroyWindow referenced in function "public: __cdecl Window::~Window(void)" (??1Window@@QEAA@XZ)
Window.obj : error LNK2019: unresolved external symbol glfwSetWindowShouldClose referenced in function "void __cdecl KeyCallback(struct GLFWwindow *,int,int,int,int)" (?KeyCallback@@YAXPEAUGLFWwindow@@HHHH@Z)
Window.obj : error LNK2019: unresolved external symbol glfwSetFramebufferSizeCallback referenced in function "public: __cdecl Window::Window(unsigned int,unsigned int,class std::basic_string<char,struct std::char_traits<char>,class std::allocator<char> > const &)" (??0Window@@QEAA@IIAEBV?$basic_string@DU?$char_traits@D@std@@V?$allocator@D@2@@std@@@Z)
Window.obj : error LNK2019: unresolved external symbol glfwSetKeyCallback referenced in function "public: __cdecl Window::Window(unsigned int,unsigned int,class std::basic_string<char,struct std::char_traits<char>,class std::allocator<char> > const &)" (??0Window@@QEAA@IIAEBV?$basic_string@DU?$char_traits@D@std@@V?$allocator@D@2@@std@@@Z)
Window.obj : error LNK2019: unresolved external symbol glfwMakeContextCurrent referenced in function "public: __cdecl Window::Window(unsigned int,unsigned int,class std::basic_string<char,struct std::char_traits<char>,class std::allocator<char> > const &)" (??0Window@@QEAA@IIAEBV?$basic_string@DU?$char_traits@D@std@@V?$allocator@D@2@@std@@@Z)
Window.obj : error LNK2001: unresolved external symbol __imp_glewExperimental
C:\Users\Shalin\Documents\GitHub\Viking-Boat-Race\Viking-Boat-Race\Libraries\lib\glew32.lib : warning LNK4272: library machine type 'x86' conflicts with target machine type 'x64'
C:\Users\Shalin\Documents\GitHub\Viking-Boat-Race\Viking-Boat-Race\Libraries\lib\glew32d.lib : warning LNK4272: library machine type 'x86' conflicts with target machine type 'x64'
C:\Users\Shalin\Documents\GitHub\Viking-Boat-Race\Viking-Boat-Race\Libraries\lib\glew32s.lib : warning LNK4272: library machine type 'x86' conflicts with target machine type 'x64'
C:\Users\Shalin\Documents\GitHub\Viking-Boat-Race\Viking-Boat-Race\Libraries\lib\glew32sd.lib : warning LNK4272: library machine type 'x86' conflicts with target machine type 'x64'
C:\Users\Shalin\Documents\GitHub\Viking-Boat-Race\Viking-Boat-Race\Libraries\lib\glfw3.lib : warning LNK4272: library machine type 'x86' conflicts with target machine type 'x64'
C:\Users\Shalin\Documents\GitHub\Viking-Boat-Race\Viking-Boat-Race\Libraries\lib\glfw3d.lib : warning LNK4272: library machine type 'x86' conflicts with target machine type 'x64'
C:\Users\Shalin\Documents\GitHub\Viking-Boat-Race\Viking-Boat-Race\Libraries\lib\SOILd.lib : warning LNK4272: library machine type 'x86' conflicts with target machine type 'x64'
C:\Users\Shalin\Documents\GitHub\Viking-Boat-Race\Viking-Boat-Race\TextureDemo\x64\Debug\TextureDemo.exe : fatal error LNK1120: 55 unresolved externals
