c:\users\shalin\desktop\comp 2501\t04\spritesheet\spritesheet\debug\vc141.pdb
c:\users\shalin\desktop\comp 2501\t04\spritesheet\spritesheet\debug\vc141.idb
c:\users\shalin\desktop\comp 2501\t04\spritesheet\spritesheet\debug\agent.obj
c:\users\shalin\desktop\comp 2501\t04\spritesheet\spritesheet\debug\animation.obj
c:\users\shalin\desktop\comp 2501\t04\spritesheet\spritesheet\debug\bullet.obj
c:\users\shalin\desktop\comp 2501\t04\spritesheet\spritesheet\debug\enemy.obj
c:\users\shalin\desktop\comp 2501\t04\spritesheet\spritesheet\debug\gameentity.obj
c:\users\shalin\desktop\comp 2501\t04\spritesheet\spritesheet\debug\main.obj
c:\users\shalin\desktop\comp 2501\t04\spritesheet\spritesheet\debug\player.obj
c:\users\shalin\desktop\comp 2501\t04\spritesheet\spritesheet\debug\resourcemanager.obj
c:\users\shalin\desktop\comp 2501\t04\spritesheet\spritesheet\debug\shader.obj
c:\users\shalin\desktop\comp 2501\t04\spritesheet\spritesheet\debug\window.obj
c:\users\shalin\desktop\comp 2501\t04\spritesheet\spritesheet\debug\tile.obj
c:\users\shalin\desktop\comp 2501\t04\spritesheet\spritesheet\debug\map.obj
c:\users\shalin\desktop\comp 2501\t04\spritesheet\debug\spritesheet.exe
c:\users\shalin\desktop\comp 2501\t04\spritesheet\debug\spritesheet.pdb
c:\users\shalin\desktop\comp 2501\t04\spritesheet\spritesheet\debug\spritesheet.tlog\cl.command.1.tlog
c:\users\shalin\desktop\comp 2501\t04\spritesheet\spritesheet\debug\spritesheet.tlog\cl.read.1.tlog
c:\users\shalin\desktop\comp 2501\t04\spritesheet\spritesheet\debug\spritesheet.tlog\cl.write.1.tlog
c:\users\shalin\desktop\comp 2501\t04\spritesheet\spritesheet\debug\spritesheet.tlog\link.command.1.tlog
c:\users\shalin\desktop\comp 2501\t04\spritesheet\spritesheet\debug\spritesheet.tlog\link.read.1.tlog
c:\users\shalin\desktop\comp 2501\t04\spritesheet\spritesheet\debug\spritesheet.tlog\link.write.1.tlog
