  Window.cpp
  Shader.cpp
  ResourceManager.cpp
  ParticleSystem.cpp
c:\users\shalin\documents\github\viking-boat-race\viking-boat-race\texturedemo\texturedemo\gameentity.h(17): warning C4305: 'initializing': truncation from 'double' to 'float'
c:\users\shalin\documents\github\viking-boat-race\viking-boat-race\texturedemo\texturedemo\particlesystem.cpp(33): warning C4244: 'initializing': conversion from 'double' to 'float', possible loss of data
c:\users\shalin\documents\github\viking-boat-race\viking-boat-race\texturedemo\texturedemo\particlesystem.cpp(36): warning C4305: 'initializing': truncation from 'double' to 'float'
c:\users\shalin\documents\github\viking-boat-race\viking-boat-race\texturedemo\texturedemo\particlesystem.cpp(73): warning C4244: 'initializing': conversion from 'double' to 'float', possible loss of data
c:\users\shalin\documents\github\viking-boat-race\viking-boat-race\texturedemo\texturedemo\particlesystem.cpp(76): warning C4305: 'initializing': truncation from 'double' to 'float'
c:\users\shalin\documents\github\viking-boat-race\viking-boat-race\texturedemo\texturedemo\particlesystem.cpp(106): warning C4244: 'initializing': conversion from 'double' to 'float', possible loss of data
c:\users\shalin\documents\github\viking-boat-race\viking-boat-race\texturedemo\texturedemo\particlesystem.cpp(108): warning C4305: 'initializing': truncation from 'double' to 'float'
c:\users\shalin\documents\github\viking-boat-race\viking-boat-race\texturedemo\texturedemo\particlesystem.cpp(144): warning C4244: '=': conversion from 'double' to 'float', possible loss of data
  GLM: rotate function taking degrees as a parameter is deprecated. #define GLM_FORCE_RADIANS before including GLM headers to remove this message.
  Opponent.cpp
c:\users\shalin\documents\github\viking-boat-race\viking-boat-race\texturedemo\texturedemo\gameentity.h(17): warning C4305: 'initializing': truncation from 'double' to 'float'
c:\users\shalin\documents\github\viking-boat-race\viking-boat-race\texturedemo\texturedemo\opponent.cpp(40): warning C4305: '+=': truncation from 'double' to 'float'
c:\users\shalin\documents\github\viking-boat-race\viking-boat-race\texturedemo\texturedemo\opponent.cpp(41): warning C4244: 'initializing': conversion from 'double' to 'float', possible loss of data
  Map.cpp
c:\users\shalin\documents\github\viking-boat-race\viking-boat-race\texturedemo\texturedemo\gameentity.h(17): warning C4305: 'initializing': truncation from 'double' to 'float'
c:\users\shalin\documents\github\viking-boat-race\viking-boat-race\texturedemo\texturedemo\map.cpp(30): warning C4244: 'argument': conversion from 'float' to 'const unsigned int', possible loss of data
c:\users\shalin\documents\github\viking-boat-race\viking-boat-race\texturedemo\texturedemo\map.cpp(64): warning C4018: '<': signed/unsigned mismatch
c:\users\shalin\documents\github\viking-boat-race\viking-boat-race\texturedemo\texturedemo\map.cpp(73): warning C4018: '<': signed/unsigned mismatch
c:\users\shalin\documents\github\viking-boat-race\viking-boat-race\texturedemo\texturedemo\map.cpp(87): warning C4018: '<': signed/unsigned mismatch
c:\users\shalin\documents\github\viking-boat-race\viking-boat-race\texturedemo\texturedemo\map.cpp(110): warning C4018: '<': signed/unsigned mismatch
  main.cpp
c:\users\shalin\documents\github\viking-boat-race\viking-boat-race\texturedemo\texturedemo\gameentity.h(17): warning C4305: 'initializing': truncation from 'double' to 'float'
c:\users\shalin\documents\github\viking-boat-race\viking-boat-race\texturedemo\texturedemo\main.cpp(131): warning C4305: 'argument': truncation from 'double' to 'float'
c:\users\shalin\documents\github\viking-boat-race\viking-boat-race\texturedemo\texturedemo\main.cpp(198): warning C4244: 'argument': conversion from 'double' to 'float', possible loss of data
c:\users\shalin\documents\github\viking-boat-race\viking-boat-race\texturedemo\texturedemo\main.cpp(204): warning C4244: 'argument': conversion from 'double' to 'float', possible loss of data
c:\users\shalin\documents\github\viking-boat-race\viking-boat-race\texturedemo\texturedemo\main.cpp(212): warning C4018: '<': signed/unsigned mismatch
c:\users\shalin\documents\github\viking-boat-race\viking-boat-race\texturedemo\texturedemo\main.cpp(213): warning C4244: 'argument': conversion from 'double' to 'float', possible loss of data
c:\users\shalin\documents\github\viking-boat-race\viking-boat-race\texturedemo\texturedemo\main.cpp(260): warning C4244: '-=': conversion from 'double' to 'float', possible loss of data
c:\users\shalin\documents\github\viking-boat-race\viking-boat-race\texturedemo\texturedemo\main.cpp(293): warning C4018: '<': signed/unsigned mismatch
c:\users\shalin\documents\github\viking-boat-race\viking-boat-race\texturedemo\texturedemo\main.cpp(294): warning C4244: 'argument': conversion from 'double' to 'float', possible loss of data
  GameEntity.cpp
c:\users\shalin\documents\github\viking-boat-race\viking-boat-race\texturedemo\texturedemo\gameentity.h(17): warning C4305: 'initializing': truncation from 'double' to 'float'
  GLM: rotate function taking degrees as a parameter is deprecated. #define GLM_FORCE_RADIANS before including GLM headers to remove this message.
  Car.cpp
c:\users\shalin\documents\github\viking-boat-race\viking-boat-race\texturedemo\texturedemo\gameentity.h(17): warning C4305: 'initializing': truncation from 'double' to 'float'
c:\users\shalin\documents\github\viking-boat-race\viking-boat-race\texturedemo\texturedemo\car.cpp(67): warning C4018: '<': signed/unsigned mismatch
c:\users\shalin\documents\github\viking-boat-race\viking-boat-race\texturedemo\texturedemo\car.cpp(85): warning C4018: '<': signed/unsigned mismatch
c:\users\shalin\documents\github\viking-boat-race\viking-boat-race\texturedemo\texturedemo\car.cpp(150): warning C4244: '-=': conversion from 'double' to 'float', possible loss of data
  Generating Code...
c:\users\shalin\documents\github\viking-boat-race\viking-boat-race\texturedemo\texturedemo\map.cpp(67): warning C4715: 'Map::getFlag': not all control paths return a value
c:\users\shalin\documents\github\viking-boat-race\viking-boat-race\texturedemo\texturedemo\map.cpp(76): warning C4715: 'Map::getStartPosition': not all control paths return a value
  SOIL.lib(SOIL.obj) : MSIL .netmodule or module compiled with /GL found; restarting link with /LTCG; add /LTCG to the link command line to improve linker performance
LINK : warning LNK4075: ignoring '/INCREMENTAL' due to '/LTCG' specification
LINK : warning LNK4098: defaultlib 'LIBCMT' conflicts with use of other libs; use /NODEFAULTLIB:library
LINK : warning LNK4098: defaultlib 'MSVCRT' conflicts with use of other libs; use /NODEFAULTLIB:library
  Generating code
  Finished generating code
ParticleSystem.obj : warning LNK4049: locally defined symbol ___glewBindBuffer imported
ParticleSystem.obj : warning LNK4049: locally defined symbol ___glewBufferData imported
ParticleSystem.obj : warning LNK4049: locally defined symbol ___glewGenBuffers imported
Shader.obj : warning LNK4049: locally defined symbol ___glewAttachShader imported
Shader.obj : warning LNK4049: locally defined symbol ___glewCompileShader imported
Shader.obj : warning LNK4049: locally defined symbol ___glewCreateProgram imported
Shader.obj : warning LNK4049: locally defined symbol ___glewCreateShader imported
Shader.obj : warning LNK4049: locally defined symbol ___glewDeleteProgram imported
Shader.obj : warning LNK4049: locally defined symbol ___glewDeleteShader imported
Shader.obj : warning LNK4049: locally defined symbol ___glewEnableVertexAttribArray imported
Shader.obj : warning LNK4049: locally defined symbol ___glewGetAttribLocation imported
Shader.obj : warning LNK4049: locally defined symbol ___glewGetProgramiv imported
Shader.obj : warning LNK4049: locally defined symbol ___glewGetShaderInfoLog imported
Shader.obj : warning LNK4049: locally defined symbol ___glewGetShaderiv imported
Shader.obj : warning LNK4049: locally defined symbol ___glewGetUniformLocation imported
Shader.obj : warning LNK4049: locally defined symbol ___glewLinkProgram imported
Shader.obj : warning LNK4049: locally defined symbol ___glewShaderSource imported
Shader.obj : warning LNK4049: locally defined symbol ___glewUniform1f imported
Shader.obj : warning LNK4049: locally defined symbol ___glewUniform1i imported
Shader.obj : warning LNK4049: locally defined symbol ___glewUniform2f imported
Shader.obj : warning LNK4049: locally defined symbol ___glewUniform3f imported
Shader.obj : warning LNK4049: locally defined symbol ___glewUniform4f imported
Shader.obj : warning LNK4049: locally defined symbol ___glewUniformMatrix4fv imported
Shader.obj : warning LNK4049: locally defined symbol ___glewUseProgram imported
Shader.obj : warning LNK4049: locally defined symbol ___glewVertexAttribPointer imported
Window.obj : warning LNK4049: locally defined symbol _glewInit@0 imported
Window.obj : warning LNK4049: locally defined symbol _glewGetErrorString@4 imported
Window.obj : warning LNK4049: locally defined symbol _glewExperimental imported
SOIL.lib(SOIL.obj) : warning LNK4099: PDB 'SOIL.pdb' was not found with 'SOIL.lib(SOIL.obj)' or at 'C:\Users\Shalin\Documents\GitHub\Viking-Boat-Race\Viking-Boat-Race\TextureDemo\Debug\SOIL.pdb'; linking object as if no debug info
SOIL.lib(image_helper.obj) : warning LNK4099: PDB 'SOIL.pdb' was not found with 'SOIL.lib(image_helper.obj)' or at 'C:\Users\Shalin\Documents\GitHub\Viking-Boat-Race\Viking-Boat-Race\TextureDemo\Debug\SOIL.pdb'; linking object as if no debug info
SOIL.lib(stb_image_aug.obj) : warning LNK4099: PDB 'SOIL.pdb' was not found with 'SOIL.lib(stb_image_aug.obj)' or at 'C:\Users\Shalin\Documents\GitHub\Viking-Boat-Race\Viking-Boat-Race\TextureDemo\Debug\SOIL.pdb'; linking object as if no debug info
SOIL.lib(image_DXT.obj) : warning LNK4099: PDB 'SOIL.pdb' was not found with 'SOIL.lib(image_DXT.obj)' or at 'C:\Users\Shalin\Documents\GitHub\Viking-Boat-Race\Viking-Boat-Race\TextureDemo\Debug\SOIL.pdb'; linking object as if no debug info
glew32s.lib(glew.obj) : warning LNK4099: PDB 'glew_static.pdb' was not found with 'glew32s.lib(glew.obj)' or at 'C:\Users\Shalin\Documents\GitHub\Viking-Boat-Race\Viking-Boat-Race\TextureDemo\Debug\glew_static.pdb'; linking object as if no debug info
  TextureDemo.vcxproj -> C:\Users\Shalin\Documents\GitHub\Viking-Boat-Race\Viking-Boat-Race\TextureDemo\Debug\TextureDemo.exe
